E:\C程序\FFMPEGPLAYER\FFMPEGPLAYER\RELEASE\FFMPEGPLAYER.PCH
E:\C程序\FFMPEGPLAYER\FFMPEGPLAYER\RELEASE\STDAFX.OBJ
E:\C程序\FFMPEGPLAYER\FFMPEGPLAYER\RELEASE\VC110.PDB
E:\C程序\FFMPEGPLAYER\FFMPEGPLAYER\RELEASE\PROTHREADFUN.OBJ
E:\C程序\FFMPEGPLAYER\FFMPEGPLAYER\RELEASE\FFMPEGTOOL.OBJ
E:\C程序\FFMPEGPLAYER\FFMPEGPLAYER\RELEASE\FFMPEGPLAYERDLG.OBJ
E:\C程序\FFMPEGPLAYER\FFMPEGPLAYER\RELEASE\FFMPEGPLAYER.OBJ
E:\C程序\FFMPEGPLAYER\RELEASE\FFMPEGPLAYER.EXE
E:\C程序\FFMPEGPLAYER\RELEASE\FFMPEGPLAYER.PDB
E:\C程序\FFMPEGPLAYER\FFMPEGPLAYER\RELEASE\FFMPEGPLAYER.RES
E:\C程序\FFmpegPlayer\FFmpegPlayer\Release\FFmpegPlayer.obj
E:\C程序\FFmpegPlayer\FFmpegPlayer\Release\FFmpegPlayerDlg.obj
E:\C程序\FFmpegPlayer\FFmpegPlayer\Release\FFmpegTool.obj
E:\C程序\FFmpegPlayer\FFmpegPlayer\Release\ProThreadFun.obj
E:\C程序\FFmpegPlayer\FFmpegPlayer\Release\stdafx.obj
E:\C程序\FFmpegPlayer\FFmpegPlayer\Release\cl.command.1.tlog
E:\C程序\FFmpegPlayer\FFmpegPlayer\Release\CL.read.1.tlog
E:\C程序\FFmpegPlayer\FFmpegPlayer\Release\CL.write.1.tlog
E:\C程序\FFmpegPlayer\FFmpegPlayer\Release\link-cvtres.read.1.tlog
E:\C程序\FFmpegPlayer\FFmpegPlayer\Release\link-cvtres.write.1.tlog
E:\C程序\FFmpegPlayer\FFmpegPlayer\Release\link-mt.read.1.tlog
E:\C程序\FFmpegPlayer\FFmpegPlayer\Release\link-mt.write.1.tlog
E:\C程序\FFmpegPlayer\FFmpegPlayer\Release\link-rc.read.1.tlog
E:\C程序\FFmpegPlayer\FFmpegPlayer\Release\link-rc.write.1.tlog
E:\C程序\FFmpegPlayer\FFmpegPlayer\Release\link.command.1.tlog
E:\C程序\FFmpegPlayer\FFmpegPlayer\Release\link.read.1.tlog
E:\C程序\FFmpegPlayer\FFmpegPlayer\Release\link.write.1.tlog
E:\C程序\FFmpegPlayer\FFmpegPlayer\Release\rc.command.1.tlog
E:\C程序\FFmpegPlayer\FFmpegPlayer\Release\rc.read.1.tlog
E:\C程序\FFmpegPlayer\FFmpegPlayer\Release\rc.write.1.tlog
E:\C程序\FFmpegPlayer\FFmpegPlayer\Release\FFmpegPlayer.res
E:\C程序\FFmpegPlayer\FFmpegPlayer\Release\FFmpegPlayer.pch
E:\C程序\FFmpegPlayer\FFmpegPlayer\Release\vc110.pdb
E:\C程序\FFmpegPlayer\Release\FFmpegPlayer.pdb
E:\C程序\FFmpegPlayer\Release\FFmpegPlayer.exe
